---------------------------------------------------------------
[ 2018-02-27T18:29:58+08:00 ] 127.0.0.1 GET /kbug/
[ info ] 127.0.0.1/kbug/ [运行时间：0.077004s][吞吐率：12.99req/s] [内存消耗：2,005.89kb] [文件加载：42]
[ info ] [ LANG ] D:\phpStudy\WWW\kbug\library\kernel\thinkphp\lang\zh-cn.php
[ info ] [ LANG ] D:\phpStudy\WWW\kbug/kbug/lang\zh-cn.php
[ info ] [ ROUTE ] array (
  'type' => 'module',
  'module' => 
  array (
    0 => '',
    1 => NULL,
    2 => NULL,
  ),
)
[ info ] [ HEADER ] array (
  'cookie' => 'thinkphp_show_page_trace=1|0',
  'accept-language' => 'zh-CN,zh;q=0.9',
  'accept-encoding' => 'gzip, deflate, br',
  'accept' => 'text/html,application/xhtml+xml,application/xml;q=0.9,image/webp,image/apng,*/*;q=0.8',
  'user-agent' => 'Mozilla/5.0 (Windows NT 6.1; Win64; x64) AppleWebKit/537.36 (KHTML, like Gecko) Chrome/64.0.3282.140 Safari/537.36',
  'upgrade-insecure-requests' => '1',
  'cache-control' => 'no-cache',
  'pragma' => 'no-cache',
  'connection' => 'close',
  'host' => '127.0.0.1',
)
[ info ] [ PARAM ] array (
)
[ info ] [ RUN ] kbug\index\controller\Login->index[ D:\phpStudy\WWW\kbug\kbug\index\controller\Login.php ]
[ info ] [ VIEW ] D:\phpStudy\WWW\kbug/templates/ace/login.html [ array (
) ]
[ info ] [ LOG ] INIT File
---------------------------------------------------------------
[ 2018-02-27T18:31:22+08:00 ] 127.0.0.1 GET /kbug/
[ info ] 127.0.0.1/kbug/ [运行时间：0.057004s][吞吐率：17.54req/s] [内存消耗：2,005.87kb] [文件加载：42]
[ info ] [ LANG ] D:\phpStudy\WWW\kbug\library\kernel\thinkphp\lang\zh-cn.php
[ info ] [ LANG ] D:\phpStudy\WWW\kbug/kbug/lang\zh-cn.php
[ info ] [ ROUTE ] array (
  'type' => 'module',
  'module' => 
  array (
    0 => '',
    1 => NULL,
    2 => NULL,
  ),
)
[ info ] [ HEADER ] array (
  'cookie' => 'thinkphp_show_page_trace=1|0',
  'accept-language' => 'zh-CN,zh;q=0.9',
  'accept-encoding' => 'gzip, deflate, br',
  'accept' => 'text/html,application/xhtml+xml,application/xml;q=0.9,image/webp,image/apng,*/*;q=0.8',
  'user-agent' => 'Mozilla/5.0 (Windows NT 6.1; Win64; x64) AppleWebKit/537.36 (KHTML, like Gecko) Chrome/64.0.3282.140 Safari/537.36',
  'upgrade-insecure-requests' => '1',
  'cache-control' => 'no-cache',
  'pragma' => 'no-cache',
  'connection' => 'close',
  'host' => '127.0.0.1',
)
[ info ] [ PARAM ] array (
)
[ info ] [ RUN ] kbug\index\controller\Login->index[ D:\phpStudy\WWW\kbug\kbug\index\controller\Login.php ]
[ info ] [ VIEW ] D:\phpStudy\WWW\kbug/templates/ace/login.html [ array (
) ]
[ info ] [ LOG ] INIT File
